  speakermanager.cpp
C:\Program Files\Microsoft Visual Studio\2022\Community\VC\Tools\MSVC\14.44.35207\include\xtree(1225,28): error C2091: 函数返回函数
  (编译源文件“speakermanager.cpp”)
      C:\Program Files\Microsoft Visual Studio\2022\Community\VC\Tools\MSVC\14.44.35207\include\xtree(1225,28):
      模板实例化上下文(最早的实例化上下文)为
          E:\演讲比赛\speakermanager.cpp(101,42):
          查看对正在编译的 类 模板 实例化“std::multimap<double,int,std::greater<double> (void),std::allocator<std::pair<const double,int>>>”的引用
          C:\Program Files\Microsoft Visual Studio\2022\Community\VC\Tools\MSVC\14.44.35207\include\map(454,25):
          查看对正在编译的 类 模板 实例化“std::_Tree<std::_Tmap_traits<_Kty,_Ty,_Pr,_Alloc,true>>”的引用
          with
          [
              _Kty=double,
              _Ty=int,
              _Pr=std::greater<double> (void),
              _Alloc=std::allocator<std::pair<const double,int>>
          ]
  
C:\Program Files\Microsoft Visual Studio\2022\Community\VC\Tools\MSVC\14.44.35207\include\xmemory(1550,10): error C2207: “std::_Compressed_pair<_Ty1,_Ty2,false>::_Myval1”: 类模板的成员无法获取函数类型
  (编译源文件“speakermanager.cpp”)
      C:\Program Files\Microsoft Visual Studio\2022\Community\VC\Tools\MSVC\14.44.35207\include\xmemory(1550,10):
      模板实例化上下文(最早的实例化上下文)为
          C:\Program Files\Microsoft Visual Studio\2022\Community\VC\Tools\MSVC\14.44.35207\include\xtree(1991,74):
          查看对正在编译的 类 模板 实例化“std::_Compressed_pair<std::greater<double> (void),std::_Compressed_pair<std::allocator<std::_Tree_node<std::pair<const double,int>,std::_Default_allocator_traits<_Alloc>::void_pointer>>,std::_Tree_val<std::_Tree_simple_types<std::pair<const double,int>>>,true>,false>”的引用
          with
          [
              _Alloc=std::allocator<std::pair<const double,int>>
          ]
  
E:\演讲比赛\speakermanager.cpp(127,53): warning C4244: “=”: 从“double”转换到“int”，可能丢失数据
E:\演讲比赛\speakermanager.cpp(221,19): warning C4267: “=”: 从“size_t”转换到“int”，可能丢失数据
